<?xml version="1.0" encoding="utf-8"?><testsuites name="pytest tests"><testsuite name="pytest" errors="0" failures="0" skipped="0" tests="22" time="5.219" timestamp="2026-05-25T19:59:40.158213+00:00" hostname="agent-env-da0f3280-0d8a-463f-b956-4485d07c4c32"><testcase classname="tests.test_admin_quiz_survey_visits.TestAdminLogin" name="test_admin_login_success" time="0.158" /><testcase classname="tests.test_admin_quiz_survey_visits.TestAdminLogin" name="test_admin_login_wrong_password" time="0.053" /><testcase classname="tests.test_admin_quiz_survey_visits.TestAdminLogin" name="test_admin_me_is_admin_true" time="0.113" /><testcase classname="tests.test_admin_quiz_survey_visits.TestConfig" name="test_config_returns_admob_defaults" time="0.168" /><testcase classname="tests.test_admin_quiz_survey_visits.TestQuiz" name="test_quiz_today_returns_20_questions" time="0.131" /><testcase classname="tests.test_admin_quiz_survey_visits.TestQuiz" name="test_quiz_today_deterministic_for_same_user_same_day" time="0.221" /><testcase classname="tests.test_admin_quiz_survey_visits.TestQuiz" name="test_quiz_submit_requires_ad_watched" time="0.212" /><testcase classname="tests.test_admin_quiz_survey_visits.TestQuiz" name="test_quiz_submit_credits_points_and_blocks_second" time="0.347" /><testcase classname="tests.test_admin_quiz_survey_visits.TestSurvey" name="test_survey_today_returns_20_questions" time="0.104" /><testcase classname="tests.test_admin_quiz_survey_visits.TestSurvey" name="test_survey_submit_ad_gate_and_dedupe" time="0.476" /><testcase classname="tests.test_admin_quiz_survey_visits.TestAdminQuizBank" name="test_quiz_bank_requires_admin" time="0.105" /><testcase classname="tests.test_admin_quiz_survey_visits.TestAdminQuizBank" name="test_quiz_bank_returns_100_plus" time="0.107" /><testcase classname="tests.test_admin_quiz_survey_visits.TestAdminQuizBank" name="test_quiz_bank_add_then_delete" time="0.240" /><testcase classname="tests.test_admin_quiz_survey_visits.TestAdminSurveyBank" name="test_survey_bank_admin_only" time="0.115" /><testcase classname="tests.test_admin_quiz_survey_visits.TestAdminSurveyBank" name="test_survey_bank_returns_50_plus" time="0.125" /><testcase classname="tests.test_admin_quiz_survey_visits.TestAdminSurveyBank" name="test_survey_bank_add_then_delete" time="0.212" /><testcase classname="tests.test_admin_quiz_survey_visits.TestAdminAds" name="test_update_admob_and_reflect_in_config" time="0.335" /><testcase classname="tests.test_admin_quiz_survey_visits.TestAdminVisitsCRUD" name="test_list_visits_admin" time="0.293" /><testcase classname="tests.test_admin_quiz_survey_visits.TestAdminVisitsCRUD" name="test_update_visit" time="0.442" /><testcase classname="tests.test_admin_quiz_survey_visits.TestAdminVisitsCRUD" name="test_delete_visit" time="0.343" /><testcase classname="tests.test_admin_quiz_survey_visits.TestVisitsComplete" name="test_visit_complete_credits_random_50_100" time="0.471" /><testcase classname="tests.test_admin_quiz_survey_visits.TestTaskSubmitNoScreenshot" name="test_task_submit_without_screenshot" time="0.405" /></testsuite></testsuites>